<?xml version="1.0" encoding="UTF-8"?>
<!-- Generated by org.testng.reporters.JUnitXMLReporter -->
<testsuite ignored="10" hostname="DESKTOP-HCMDDC7" failures="0" tests="6" name="Test" time="135.202" errors="0" timestamp="2025-08-13T19:00:28 BDT">
  <testcase classname="TestCases.login" name="loggedIn" time="12.203"/>
  <testcase classname="TestCases.SortingOperation" name="sort" time="11.628"/>
  <testcase classname="TestCases.AddToCart" name="AddProductToCart" time="37.793"/>
  <testcase classname="TestCases.CartOperation" name="CartOperate" time="18.903"/>
  <testcase classname="TestCases.CheckOut" name="checkedOut" time="44.584"/>
  <testcase classname="TestCases.LogOut" name="loggedOut" time="9.687"/>
  <testcase classname="MobileConfig.DriverSetup" name="@AfterSuite quitDriver" time="0.0">
    <ignored/>
  </testcase> <!-- @AfterSuite quitDriver -->
  <testcase classname="MobileConfig.DriverSetup" name="@AfterSuite quitDriver" time="0.0">
    <ignored/>
  </testcase> <!-- @AfterSuite quitDriver -->
  <testcase classname="MobileConfig.DriverSetup" name="@BeforeSuite SetupDriver" time="0.0">
    <ignored/>
  </testcase> <!-- @BeforeSuite SetupDriver -->
  <testcase classname="MobileConfig.DriverSetup" name="@BeforeSuite SetupDriver" time="0.0">
    <ignored/>
  </testcase> <!-- @BeforeSuite SetupDriver -->
  <testcase classname="MobileConfig.DriverSetup" name="@BeforeSuite SetupDriver" time="0.0">
    <ignored/>
  </testcase> <!-- @BeforeSuite SetupDriver -->
  <testcase classname="MobileConfig.DriverSetup" name="@AfterSuite quitDriver" time="0.0">
    <ignored/>
  </testcase> <!-- @AfterSuite quitDriver -->
  <testcase classname="MobileConfig.DriverSetup" name="@BeforeSuite SetupDriver" time="0.0">
    <ignored/>
  </testcase> <!-- @BeforeSuite SetupDriver -->
  <testcase classname="MobileConfig.DriverSetup" name="@AfterSuite quitDriver" time="0.0">
    <ignored/>
  </testcase> <!-- @AfterSuite quitDriver -->
  <testcase classname="MobileConfig.DriverSetup" name="@AfterSuite quitDriver" time="0.0">
    <ignored/>
  </testcase> <!-- @AfterSuite quitDriver -->
  <testcase classname="MobileConfig.DriverSetup" name="@BeforeSuite SetupDriver" time="0.0">
    <ignored/>
  </testcase> <!-- @BeforeSuite SetupDriver -->
</testsuite> <!-- Test -->
