<?xml version="1.0" encoding="UTF-8"?>
<!-- Generated by org.testng.reporters.JUnitXMLReporter -->
<testsuite ignored="10" hostname="DESKTOP-HCMDDC7" failures="0" tests="6" name="Test" time="122.833" errors="0" timestamp="2025-08-14T03:34:02 BDT">
  <testcase classname="TestCases.login" name="loggedIn" time="10.995"/>
  <testcase classname="TestCases.SortingOperation" name="sort" time="16.527"/>
  <testcase classname="TestCases.AddToCart" name="AddProductToCart" time="35.233"/>
  <testcase classname="TestCases.CartOperation" name="CartOperate" time="15.812"/>
  <testcase classname="TestCases.CheckOut" name="checkedOut" time="35.907"/>
  <testcase classname="TestCases.LogOut" name="loggedOut" time="8.061"/>
  <testcase classname="MobileConfig.DriverSetup" name="@AfterSuite quitDriver" time="0.0">
    <ignored/>
  </testcase> <!-- @AfterSuite quitDriver -->
  <testcase classname="MobileConfig.DriverSetup" name="@AfterSuite quitDriver" time="0.0">
    <ignored/>
  </testcase> <!-- @AfterSuite quitDriver -->
  <testcase classname="MobileConfig.DriverSetup" name="@BeforeSuite SetupDriver" time="0.0">
    <ignored/>
  </testcase> <!-- @BeforeSuite SetupDriver -->
  <testcase classname="MobileConfig.DriverSetup" name="@AfterSuite quitDriver" time="0.0">
    <ignored/>
  </testcase> <!-- @AfterSuite quitDriver -->
  <testcase classname="MobileConfig.DriverSetup" name="@BeforeSuite SetupDriver" time="0.0">
    <ignored/>
  </testcase> <!-- @BeforeSuite SetupDriver -->
  <testcase classname="MobileConfig.DriverSetup" name="@BeforeSuite SetupDriver" time="0.0">
    <ignored/>
  </testcase> <!-- @BeforeSuite SetupDriver -->
  <testcase classname="MobileConfig.DriverSetup" name="@AfterSuite quitDriver" time="0.0">
    <ignored/>
  </testcase> <!-- @AfterSuite quitDriver -->
  <testcase classname="MobileConfig.DriverSetup" name="@AfterSuite quitDriver" time="0.0">
    <ignored/>
  </testcase> <!-- @AfterSuite quitDriver -->
  <testcase classname="MobileConfig.DriverSetup" name="@BeforeSuite SetupDriver" time="0.0">
    <ignored/>
  </testcase> <!-- @BeforeSuite SetupDriver -->
  <testcase classname="MobileConfig.DriverSetup" name="@BeforeSuite SetupDriver" time="0.0">
    <ignored/>
  </testcase> <!-- @BeforeSuite SetupDriver -->
</testsuite> <!-- Test -->
