<?xml version="1.0" encoding="UTF-8"?>
<testng-results ignored="10" total="16" passed="6" failed="0" skipped="0">
  <reporter-output>
  </reporter-output>
  <suite started-at="2025-08-14T03:31:59 BDT" name="Suite" finished-at="2025-08-14T03:34:02 BDT" duration-ms="122833">
    <groups>
    </groups>
    <test started-at="2025-08-14T03:31:59 BDT" name="Test" finished-at="2025-08-14T03:34:02 BDT" duration-ms="122833">
      <class name="TestCases.login">
        <test-method is-config="true" signature="SetupDriver()[pri:0, instance:TestCases.login@1cf6d1be]" started-at="2025-08-14T03:31:42 BDT" name="SetupDriver" finished-at="2025-08-14T03:31:59 BDT" duration-ms="17662" status="PASS">
          <reporter-output>
          </reporter-output>
        </test-method> <!-- SetupDriver -->
        <test-method signature="loggedIn()[pri:0, instance:TestCases.login@1cf6d1be]" started-at="2025-08-14T03:31:59 BDT" name="loggedIn" description="Scenario 1: Verify login operation successfully" finished-at="2025-08-14T03:32:10 BDT" duration-ms="10995" status="PASS">
          <reporter-output>
          </reporter-output>
        </test-method> <!-- loggedIn -->
        <test-method is-config="true" signature="quitDriver()[pri:0, instance:TestCases.login@1cf6d1be]" started-at="2025-08-14T03:34:02 BDT" name="quitDriver" finished-at="2025-08-14T03:34:03 BDT" duration-ms="1064" status="PASS">
          <reporter-output>
          </reporter-output>
        </test-method> <!-- quitDriver -->
      </class> <!-- TestCases.login -->
      <class name="TestCases.AddToCart">
        <test-method signature="AddProductToCart()[pri:0, instance:TestCases.AddToCart@7bba5817]" started-at="2025-08-14T03:32:27 BDT" name="AddProductToCart" description="Scenario 5 to 7: Verify prodct correctly added to cart Queue" finished-at="2025-08-14T03:33:02 BDT" duration-ms="35233" status="PASS">
          <reporter-output>
          </reporter-output>
        </test-method> <!-- AddProductToCart -->
      </class> <!-- TestCases.AddToCart -->
      <class name="TestCases.LogOut">
        <test-method signature="loggedOut()[pri:0, instance:TestCases.LogOut@350aac89]" started-at="2025-08-14T03:33:54 BDT" name="loggedOut" description="Scenario 14: Verify Logout" finished-at="2025-08-14T03:34:02 BDT" duration-ms="8061" status="PASS">
          <reporter-output>
          </reporter-output>
        </test-method> <!-- loggedOut -->
      </class> <!-- TestCases.LogOut -->
      <class name="TestCases.CartOperation">
        <test-method signature="CartOperate()[pri:0, instance:TestCases.CartOperation@742ff096]" started-at="2025-08-14T03:33:02 BDT" name="CartOperate" description="Scenario 8: Go to Cart
Scenario 9: Decrease 1st Product
Scenario 10: Increase 3rd Product
Scenario 11: Delete 2nd Product
Scenario 12: Proceed to checkout" finished-at="2025-08-14T03:33:18 BDT" duration-ms="15812" status="PASS">
          <reporter-output>
          </reporter-output>
        </test-method> <!-- CartOperate -->
      </class> <!-- TestCases.CartOperation -->
      <class name="TestCases.SortingOperation">
        <test-method signature="sort()[pri:0, instance:TestCases.SortingOperation@712625fd]" started-at="2025-08-14T03:32:11 BDT" name="sort" description="scenario 2: Verify Catalog Dashbord appearedScencario 3: Verify Sort By name working or notScenario 4: Verify Sort By price working or not" finished-at="2025-08-14T03:32:27 BDT" duration-ms="16527" status="PASS">
          <reporter-output>
          </reporter-output>
        </test-method> <!-- sort -->
      </class> <!-- TestCases.SortingOperation -->
      <class name="TestCases.CheckOut">
        <test-method signature="checkedOut()[pri:0, instance:TestCases.CheckOut@75437611]" started-at="2025-08-14T03:33:18 BDT" name="checkedOut" description="Scenario 13: Checkout process
1. Verify check Information taken clearly
2. Verify Payment Information taken clearly
3. Verify Place Order Successfully" finished-at="2025-08-14T03:33:54 BDT" duration-ms="35907" status="PASS">
          <reporter-output>
          </reporter-output>
        </test-method> <!-- checkedOut -->
      </class> <!-- TestCases.CheckOut -->
    </test> <!-- Test -->
  </suite> <!-- Suite -->
</testng-results>
